Using pre-set license
Built from '2021.3/staging' branch; Version is '2021.3.16f1 (4016570cf34f) revision 4200023'; Using compiler version '192829333'; Build Type 'Release'
OS: 'Windows 10  (10.0.19044) 64bit Education' Language: 'en' Physical Memory: 16309 MB
BatchMode: 1, IsHumanControllingUs: 0, StartBugReporterOnCrash: 0, Is64bit: 1, IsPro: 1

COMMAND LINE ARGUMENTS:
D:\Production Software\Coding\Unity Hub\2021.3.16f1\Editor\Unity.exe
-adb2
-batchMode
-noUpm
-name
AssetImportWorker0
-projectPath
D:/Production Software/Coding/Unity Projects/UNL-SUITS-2022-Submission/MORTI
-logFile
Logs/AssetImportWorker0.log
-srvPort
59477
Successfully changed project path to: D:/Production Software/Coding/Unity Projects/UNL-SUITS-2022-Submission/MORTI
D:/Production Software/Coding/Unity Projects/UNL-SUITS-2022-Submission/MORTI
[UnityMemory] Configuration Parameters - Can be set up in boot.config
    "memorysetup-bucket-allocator-granularity=16"
    "memorysetup-bucket-allocator-bucket-count=8"
    "memorysetup-bucket-allocator-block-size=33554432"
    "memorysetup-bucket-allocator-block-count=8"
    "memorysetup-main-allocator-block-size=16777216"
    "memorysetup-thread-allocator-block-size=16777216"
    "memorysetup-gfx-main-allocator-block-size=16777216"
    "memorysetup-gfx-thread-allocator-block-size=16777216"
    "memorysetup-cache-allocator-block-size=4194304"
    "memorysetup-typetree-allocator-block-size=2097152"
    "memorysetup-profiler-bucket-allocator-granularity=16"
    "memorysetup-profiler-bucket-allocator-bucket-count=8"
    "memorysetup-profiler-bucket-allocator-block-size=33554432"
    "memorysetup-profiler-bucket-allocator-block-count=8"
    "memorysetup-profiler-allocator-block-size=16777216"
    "memorysetup-profiler-editor-allocator-block-size=1048576"
    "memorysetup-temp-allocator-size-main=16777216"
    "memorysetup-job-temp-allocator-block-size=2097152"
    "memorysetup-job-temp-allocator-block-size-background=1048576"
    "memorysetup-job-temp-allocator-reduction-small-platforms=262144"
    "memorysetup-temp-allocator-size-background-worker=32768"
    "memorysetup-temp-allocator-size-job-worker=262144"
    "memorysetup-temp-allocator-size-preload-manager=33554432"
    "memorysetup-temp-allocator-size-nav-mesh-worker=65536"
    "memorysetup-temp-allocator-size-audio-worker=65536"
    "memorysetup-temp-allocator-size-cloud-worker=32768"
    "memorysetup-temp-allocator-size-gi-baking-worker=262144"
    "memorysetup-temp-allocator-size-gfx=262144"
Player connection [5152] Host "[IP] 192.168.1.34 [Port] 0 [Flags] 2 [Guid] 2684434431 [EditorId] 2684434431 [Version] 1048832 [Id] WindowsEditor(7,DESKTOP-8S7CUOK) [Debug] 1 [PackageName] WindowsEditor [ProjectName] Editor" joined multi-casting on [225.0.0.222:54997]...

Player connection [5152] Host "[IP] 192.168.1.34 [Port] 0 [Flags] 2 [Guid] 2684434431 [EditorId] 2684434431 [Version] 1048832 [Id] WindowsEditor(7,DESKTOP-8S7CUOK) [Debug] 1 [PackageName] WindowsEditor [ProjectName] Editor" joined alternative multi-casting on [225.0.0.222:34997]...

Refreshing native plugins compatible for Editor in 133.26 ms, found 15 plugins.
Preloading 0 native plugins for Editor in 0.00 ms.
Initialize engine version: 2021.3.16f1 (4016570cf34f)
[Subsystems] Discovering subsystems at path D:/Production Software/Coding/Unity Hub/2021.3.16f1/Editor/Data/Resources/UnitySubsystems
[Subsystems] Discovering subsystems at path D:/Production Software/Coding/Unity Projects/UNL-SUITS-2022-Submission/MORTI/Assets
GfxDevice: creating device client; threaded=0; jobified=0
Direct3D:
    Version:  Direct3D 11.0 [level 11.1]
    Renderer: AMD Radeon RX 5700 XT (ID=0x731f)
    Vendor:   ATI
    VRAM:     8151 MB
    Driver:   31.0.12029.10015
Initialize mono
Mono path[0] = 'D:/Production Software/Coding/Unity Hub/2021.3.16f1/Editor/Data/Managed'
Mono path[1] = 'D:/Production Software/Coding/Unity Hub/2021.3.16f1/Editor/Data/MonoBleedingEdge/lib/mono/unityjit-win32'
Mono config path = 'D:/Production Software/Coding/Unity Hub/2021.3.16f1/Editor/Data/MonoBleedingEdge/etc'
Using monoOptions --debugger-agent=transport=dt_socket,embedding=1,server=y,suspend=n,address=127.0.0.1:56784
Begin MonoManager ReloadAssembly
Registering precompiled unity dll's ...
Register platform support module: D:/Production Software/Coding/Unity Hub/2021.3.16f1/Editor/Data/PlaybackEngines/AndroidPlayer/UnityEditor.Android.Extensions.dll
Register platform support module: D:/Production Software/Coding/Unity Hub/2021.3.16f1/Editor/Data/PlaybackEngines/WindowsStandaloneSupport/UnityEditor.WindowsStandalone.Extensions.dll
Register platform support module: D:/Production Software/Coding/Unity Hub/2021.3.16f1/Editor/Data/PlaybackEngines/MetroSupport/UnityEditor.UWP.Extensions.dll
Registered in 0.004237 seconds.
Native extension for UWP target not found
Native extension for WindowsStandalone target not found
Native extension for Android target not found
Refreshing native plugins compatible for Editor in 136.88 ms, found 15 plugins.
Preloading 0 native plugins for Editor in 0.00 ms.
Mono: successfully reloaded assembly
- Completed reload, in  0.698 seconds
Domain Reload Profiling:
	ReloadAssembly (699ms)
		BeginReloadAssembly (90ms)
			ExecutionOrderSort (0ms)
			DisableScriptedObjects (0ms)
			BackupInstance (0ms)
			ReleaseScriptingObjects (0ms)
			CreateAndSetChildDomain (1ms)
		EndReloadAssembly (509ms)
			LoadAssemblies (90ms)
			RebuildTransferFunctionScriptingTraits (0ms)
			SetupTypeCache (107ms)
			ReleaseScriptCaches (0ms)
			RebuildScriptCaches (24ms)
			SetupLoadedEditorAssemblies (330ms)
				LogAssemblyErrors (0ms)
				InitializePlatformSupportModulesInManaged (57ms)
				SetLoadedEditorAssemblies (0ms)
				RefreshPlugins (137ms)
				BeforeProcessingInitializeOnLoad (2ms)
				ProcessInitializeOnLoadAttributes (94ms)
				ProcessInitializeOnLoadMethodAttributes (41ms)
				AfterProcessingInitializeOnLoad (0ms)
				EditorAssembliesLoaded (0ms)
			ExecutionOrderSort2 (0ms)
			AwakeInstancesAfterBackupRestoration (0ms)
Platform modules already initialized, skipping
Registering precompiled user dll's ...
Registered in 0.011357 seconds.
Begin MonoManager ReloadAssembly
Symbol file LoadedFromMemory doesn't match image D:\Production Software\Coding\Unity Projects\UNL-SUITS-2022-Submission\MORTI\Library\PackageCache\com.unity.visualscripting@1.7.8\Editor\VisualScripting.Core\Dependencies\DotNetZip\Unity.VisualScripting.IonicZip.dll
Symbol file LoadedFromMemory doesn't match image D:\Production Software\Coding\Unity Projects\UNL-SUITS-2022-Submission\MORTI\Library\PackageCache\com.unity.visualscripting@1.7.8\Editor\VisualScripting.Core\Dependencies\YamlDotNet\Unity.VisualScripting.YamlDotNet.dll
Native extension for UWP target not found
Native extension for WindowsStandalone target not found
Native extension for Android target not found
Refreshing native plugins compatible for Editor in 115.61 ms, found 15 plugins.
Preloading 0 native plugins for Editor in 0.00 ms.
Package Manager log level set to [2]
[XR] [MROpenXR][Info   ][21:13:36.361684][tid:1420] MeshProvider_RegisterLifecycleProvider
[XR] [MROpenXR][Info   ][21:13:36.361819][tid:1420] InputProvider_RegisterLifecycleProvider
[XR] Error loading subsystem: Display (1) (header mismatch?)
[XR] [MROpenXR][Info   ][21:13:36.363477][tid:1420] OnPluginStarted UnityVersion=2021.3.16f1 OpenXRPluginVersion=1.6.0 MROpenXRPluginVersion=1.7.0.0 PartA_PrivTags=33554432
Mono: successfully reloaded assembly
- Completed reload, in  1.861 seconds
Domain Reload Profiling:
	ReloadAssembly (1862ms)
		BeginReloadAssembly (247ms)
			ExecutionOrderSort (0ms)
			DisableScriptedObjects (5ms)
			BackupInstance (0ms)
			ReleaseScriptingObjects (0ms)
			CreateAndSetChildDomain (138ms)
		EndReloadAssembly (1510ms)
			LoadAssemblies (156ms)
			RebuildTransferFunctionScriptingTraits (0ms)
			SetupTypeCache (320ms)
			ReleaseScriptCaches (1ms)
			RebuildScriptCaches (79ms)
			SetupLoadedEditorAssemblies (938ms)
				LogAssemblyErrors (0ms)
				InitializePlatformSupportModulesInManaged (12ms)
				SetLoadedEditorAssemblies (0ms)
				RefreshPlugins (116ms)
				BeforeProcessingInitializeOnLoad (132ms)
				ProcessInitializeOnLoadAttributes (618ms)
				ProcessInitializeOnLoadMethodAttributes (58ms)
				AfterProcessingInitializeOnLoad (3ms)
				EditorAssembliesLoaded (0ms)
			ExecutionOrderSort2 (0ms)
			AwakeInstancesAfterBackupRestoration (5ms)
Platform modules already initialized, skipping
========================================================================
Worker process is ready to serve import requests
Launched and connected shader compiler UnityShaderCompiler.exe after 0.04 seconds
Refreshing native plugins compatible for Editor in 1.46 ms, found 15 plugins.
Preloading 0 native plugins for Editor in 0.00 ms.
Unloading 5663 Unused Serialized files (Serialized files now loaded: 0)
Unloading 66 unused Assets / (116.4 KB). Loaded Objects now: 6133.
Memory consumption went from 196.3 MB to 196.2 MB.
Total: 5.008800 ms (FindLiveObjects: 0.639200 ms CreateObjectMapping: 0.404600 ms MarkObjects: 3.763200 ms  DeleteObjects: 0.201000 ms)

AssetImportParameters requested are different than current active one (requested -> active):
  custom:video-decoder-ogg-theora: a1e56fd34408186e4bbccfd4996cb3dc -> 
  custom:container-muxer-webm: aa71ff27fc2769a1b78a27578f13a17b -> 
  custom:container-demuxer-webm: 4f35f7cbe854078d1ac9338744f61a02 -> 
  custom:video-encoder-webm-vp8: eb34c28f22e8b96e1ab97ce403110664 -> 
  custom:audio-encoder-webm-vorbis: bf7c407c2cedff20999df2af8eb42d56 -> 
  custom:framework-win-MediaFoundation: 216162199b28c13a410421893ffa2e32 -> 
  custom:container-demuxer-ogg: 62fdf1f143b41e24485cea50d1cbac27 -> 
  custom:video-decoder-webm-vp8: 9c59270c3fd7afecdb556c50c9e8de78 -> 
  custom:audio-decoder-ogg-vorbis: bf7c407c2cedff20999df2af8eb42d56 -> 
========================================================================
Received Import Request.
  Time since last request: 31303.765534 seconds.
  path: Packages/com.microsoft.mixedreality.toolkit.standardassets/Audio/MRTK_Select_Main.wav
  artifactKey: Guid(06f9d598e90313646bbff63530142344) Importer(815301076,1909f56bfc062723c751e8b465ee728b)
Start importing Packages/com.microsoft.mixedreality.toolkit.standardassets/Audio/MRTK_Select_Main.wav using Guid(06f9d598e90313646bbff63530142344) Importer(815301076,1909f56bfc062723c751e8b465ee728b)  -> (artifact id: 'b46fcf0653184a005a364acd59436f9b') in 0.175027 seconds 
========================================================================
Received Import Request.
  Time since last request: 0.000023 seconds.
  path: Packages/com.microsoft.mixedreality.toolkit.standardassets/Audio/MRTK_Voice_Confirmation.wav
  artifactKey: Guid(4075162bd7e8d9b4387ba77aeb751a0d) Importer(815301076,1909f56bfc062723c751e8b465ee728b)
Start importing Packages/com.microsoft.mixedreality.toolkit.standardassets/Audio/MRTK_Voice_Confirmation.wav using Guid(4075162bd7e8d9b4387ba77aeb751a0d) Importer(815301076,1909f56bfc062723c751e8b465ee728b)  -> (artifact id: '1488be63aafc332af0876fd857f0d653') in 0.015079 seconds 
========================================================================
Received Import Request.
  Time since last request: 0.000031 seconds.
  path: Packages/com.microsoft.mixedreality.toolkit.standardassets/Audio/MRTK_Scale_Start.wav
  artifactKey: Guid(bdc1f15a0c976854780adcd7e56cfb3e) Importer(815301076,1909f56bfc062723c751e8b465ee728b)
Start importing Packages/com.microsoft.mixedreality.toolkit.standardassets/Audio/MRTK_Scale_Start.wav using Guid(bdc1f15a0c976854780adcd7e56cfb3e) Importer(815301076,1909f56bfc062723c751e8b465ee728b)  -> (artifact id: 'e5c26f820a2fda9f5d3def0a276de643') in 0.014709 seconds 
========================================================================
Received Import Request.
  Time since last request: 0.000037 seconds.
  path: Packages/com.microsoft.mixedreality.toolkit.standardassets/EditorUtilities/MRTK.StandardAssets.Editor.asmdef
  artifactKey: Guid(e97aa3e5b44dd784d92300a3ff12eb17) Importer(815301076,1909f56bfc062723c751e8b465ee728b)
Start importing Packages/com.microsoft.mixedreality.toolkit.standardassets/EditorUtilities/MRTK.StandardAssets.Editor.asmdef using Guid(e97aa3e5b44dd784d92300a3ff12eb17) Importer(815301076,1909f56bfc062723c751e8b465ee728b)  -> (artifact id: 'f743e7ff6bd771bd4ec3adbc7909c125') in 0.012271 seconds 
========================================================================
Received Import Request.
  Time since last request: 0.000035 seconds.
  path: Packages/com.microsoft.mixedreality.toolkit.standardassets/Audio/MRTK_Select_Secondary.wav
  artifactKey: Guid(848c1453f7177fb46a18dff735a5fdc4) Importer(815301076,1909f56bfc062723c751e8b465ee728b)
Start importing Packages/com.microsoft.mixedreality.toolkit.standardassets/Audio/MRTK_Select_Secondary.wav using Guid(848c1453f7177fb46a18dff735a5fdc4) Importer(815301076,1909f56bfc062723c751e8b465ee728b)  -> (artifact id: '951538ef0f891bbb5d9cb0cc830faffd') in 0.014810 seconds 
========================================================================
Received Import Request.
  Time since last request: 0.000025 seconds.
  path: Packages/com.microsoft.mixedreality.toolkit.standardassets/Audio/MRTK_Slider_Pass_Notch.wav
  artifactKey: Guid(0632575a55cf09349a999a10968f6395) Importer(815301076,1909f56bfc062723c751e8b465ee728b)
Start importing Packages/com.microsoft.mixedreality.toolkit.standardassets/Audio/MRTK_Slider_Pass_Notch.wav using Guid(0632575a55cf09349a999a10968f6395) Importer(815301076,1909f56bfc062723c751e8b465ee728b)  -> (artifact id: 'edfb83911c8ab57e6b6e82551e9042aa') in 0.015171 seconds 
========================================================================
Received Import Request.
  Time since last request: 0.000026 seconds.
  path: Packages/com.microsoft.mixedreality.toolkit.standardassets/Audio/MRTK_Tap.wav
  artifactKey: Guid(170429180f309a940b54c1001e94e54c) Importer(815301076,1909f56bfc062723c751e8b465ee728b)
Start importing Packages/com.microsoft.mixedreality.toolkit.standardassets/Audio/MRTK_Tap.wav using Guid(170429180f309a940b54c1001e94e54c) Importer(815301076,1909f56bfc062723c751e8b465ee728b)  -> (artifact id: '3d85b75e95e1927d624ca52e635f4132') in 0.017505 seconds 
========================================================================
Received Import Request.
  Time since last request: 0.000027 seconds.
  path: Packages/com.microsoft.mixedreality.toolkit.standardassets/Audio/MRTK_Notification.wav
  artifactKey: Guid(82bb32b8900f55c488f190d835ffcd99) Importer(815301076,1909f56bfc062723c751e8b465ee728b)
Start importing Packages/com.microsoft.mixedreality.toolkit.standardassets/Audio/MRTK_Notification.wav using Guid(82bb32b8900f55c488f190d835ffcd99) Importer(815301076,1909f56bfc062723c751e8b465ee728b)  -> (artifact id: 'd178d81b422991ec44f9f4ae12564385') in 0.015215 seconds 
========================================================================
Received Import Request.
  Time since last request: 0.000032 seconds.
  path: Packages/com.microsoft.mixedreality.toolkit.standardassets/Fonts/selawksb.ttf
  artifactKey: Guid(e869342c56e54acf989b2422b4b80dcc) Importer(815301076,1909f56bfc062723c751e8b465ee728b)
Start importing Packages/com.microsoft.mixedreality.toolkit.standardassets/Fonts/selawksb.ttf using Guid(e869342c56e54acf989b2422b4b80dcc) Importer(815301076,1909f56bfc062723c751e8b465ee728b)  -> (artifact id: '674fb18e4f6ca20f94e8cddd18862b61') in 0.068360 seconds 
========================================================================
Received Import Request.
  Time since last request: 0.000025 seconds.
  path: Packages/com.microsoft.mixedreality.toolkit.standardassets/Fonts/selawkl.ttf
  artifactKey: Guid(e65983ad3f7b44aa81e726d5ffb472d7) Importer(815301076,1909f56bfc062723c751e8b465ee728b)
Start importing Packages/com.microsoft.mixedreality.toolkit.standardassets/Fonts/selawkl.ttf using Guid(e65983ad3f7b44aa81e726d5ffb472d7) Importer(815301076,1909f56bfc062723c751e8b465ee728b)  -> (artifact id: '3a9e56aa9f3ed3f9f6e99ac30a606249') in 0.025253 seconds 
========================================================================
Received Import Request.
  Time since last request: 0.000036 seconds.
  path: Packages/com.microsoft.mixedreality.toolkit.standardassets/Audio/MRTK_Slider_Grab.wav
  artifactKey: Guid(6c0efce9e4f4243449555af66e975f27) Importer(815301076,1909f56bfc062723c751e8b465ee728b)
Start importing Packages/com.microsoft.mixedreality.toolkit.standardassets/Audio/MRTK_Slider_Grab.wav using Guid(6c0efce9e4f4243449555af66e975f27) Importer(815301076,1909f56bfc062723c751e8b465ee728b)  -> (artifact id: '99efd5ba1da1a7b8871f885bd4826184') in 0.016796 seconds 
========================================================================
Received Import Request.
  Time since last request: 0.000034 seconds.
  path: Packages/com.microsoft.mixedreality.toolkit.standardassets/Icons/spatial_icon.png
  artifactKey: Guid(3d652c19bde24a29871839929991b0be) Importer(815301076,1909f56bfc062723c751e8b465ee728b)
Start importing Packages/com.microsoft.mixedreality.toolkit.standardassets/Icons/spatial_icon.png using Guid(3d652c19bde24a29871839929991b0be) Importer(815301076,1909f56bfc062723c751e8b465ee728b)  -> (artifact id: 'fbb1be4f8b563ad7929bf3b3fd33d6cf') in 0.043094 seconds 
========================================================================
Received Import Request.
  Time since last request: 0.000026 seconds.
  path: Packages/com.microsoft.mixedreality.toolkit.standardassets/Audio/MRTK_Move_End.wav
  artifactKey: Guid(ec33d8a6027c1574390812966f8aef94) Importer(815301076,1909f56bfc062723c751e8b465ee728b)
Start importing Packages/com.microsoft.mixedreality.toolkit.standardassets/Audio/MRTK_Move_End.wav using Guid(ec33d8a6027c1574390812966f8aef94) Importer(815301076,1909f56bfc062723c751e8b465ee728b)  -> (artifact id: '558fa0a50c564af16cb3d42c2107dde0') in 0.015751 seconds 
========================================================================
Received Import Request.
  Time since last request: 117.207181 seconds.
  path: Packages/com.microsoft.mixedreality.toolkit.examples/package.json
  artifactKey: Guid(fbc7cacfb4fa6ff479eecf999ae6ad4b) Importer(815301076,1909f56bfc062723c751e8b465ee728b)
Start importing Packages/com.microsoft.mixedreality.toolkit.examples/package.json using Guid(fbc7cacfb4fa6ff479eecf999ae6ad4b) Importer(815301076,1909f56bfc062723c751e8b465ee728b)  -> (artifact id: '0ae74f278e314df66cd53a4a54defa85') in 0.025176 seconds 
========================================================================
Received Import Request.
  Time since last request: 3.911092 seconds.
  path: Packages/com.microsoft.mixedreality.toolkit.examples/Common/Prefabs/FingerChaser.prefab
  artifactKey: Guid(9e3b415b3451d3841a17e33255808fdd) Importer(815301076,1909f56bfc062723c751e8b465ee728b)
Start importing Packages/com.microsoft.mixedreality.toolkit.examples/Common/Prefabs/FingerChaser.prefab using Guid(9e3b415b3451d3841a17e33255808fdd) Importer(815301076,1909f56bfc062723c751e8b465ee728b)  -> (artifact id: '8001745a89a1b1843061c052d2095afd') in 0.121126 seconds 
========================================================================
Received Import Request.
  Time since last request: 0.000023 seconds.
  path: Packages/com.microsoft.mixedreality.toolkit.examples/Common/Prefabs/Piano.prefab
  artifactKey: Guid(ffbe4bef620a0a542bb77fe2f765c905) Importer(815301076,1909f56bfc062723c751e8b465ee728b)
Start importing Packages/com.microsoft.mixedreality.toolkit.examples/Common/Prefabs/Piano.prefab using Guid(ffbe4bef620a0a542bb77fe2f765c905) Importer(815301076,1909f56bfc062723c751e8b465ee728b)  -> (artifact id: '976bf69352b9b3d4581e7c3cc2ec0780') in 0.300193 seconds 
========================================================================
Received Import Request.
  Time since last request: 0.000037 seconds.
  path: Packages/com.microsoft.mixedreality.toolkit.examples/Common/Prefabs/HandMenu_Large_AutoWorldLock_On_HandDrop.prefab
  artifactKey: Guid(2b76ccb8a4504484e939444d20d98d95) Importer(815301076,1909f56bfc062723c751e8b465ee728b)
Start importing Packages/com.microsoft.mixedreality.toolkit.examples/Common/Prefabs/HandMenu_Large_AutoWorldLock_On_HandDrop.prefab using Guid(2b76ccb8a4504484e939444d20d98d95) Importer(815301076,1909f56bfc062723c751e8b465ee728b)  -> (artifact id: '4e061b21a776238f7dd9a0244ccafeff') in 0.677585 seconds 
========================================================================
Received Import Request.
  Time since last request: 0.000041 seconds.
  path: Packages/com.microsoft.mixedreality.toolkit.examples/Common/Prefabs/HandMenu_Slider.prefab
  artifactKey: Guid(a7556dea0ca1e4442ade81ef1da5028b) Importer(815301076,1909f56bfc062723c751e8b465ee728b)
Start importing Packages/com.microsoft.mixedreality.toolkit.examples/Common/Prefabs/HandMenu_Slider.prefab using Guid(a7556dea0ca1e4442ade81ef1da5028b) Importer(815301076,1909f56bfc062723c751e8b465ee728b)  -> (artifact id: '6f352222ea6a207412e26b11483808f3') in 0.016562 seconds 
========================================================================
Received Import Request.
  Time since last request: 0.000042 seconds.
  path: Packages/com.microsoft.mixedreality.toolkit.examples/Common/Prefabs/TestCanvas.prefab
  artifactKey: Guid(655521c3560b40f40b75cd30857eae84) Importer(815301076,1909f56bfc062723c751e8b465ee728b)
Start importing Packages/com.microsoft.mixedreality.toolkit.examples/Common/Prefabs/TestCanvas.prefab using Guid(655521c3560b40f40b75cd30857eae84) Importer(815301076,1909f56bfc062723c751e8b465ee728b)  -> (artifact id: 'f6d62d5fa9dba3adb4b2be17b06ee4df') in 0.058561 seconds 
========================================================================
Received Import Request.
  Time since last request: 0.000035 seconds.
  path: Packages/com.microsoft.mixedreality.toolkit.examples/Common/Prefabs/HandMenu_Medium_HideOnHandDrop.prefab
  artifactKey: Guid(8e490a62f12a9764a84b31db73256d39) Importer(815301076,1909f56bfc062723c751e8b465ee728b)
Start importing Packages/com.microsoft.mixedreality.toolkit.examples/Common/Prefabs/HandMenu_Medium_HideOnHandDrop.prefab using Guid(8e490a62f12a9764a84b31db73256d39) Importer(815301076,1909f56bfc062723c751e8b465ee728b)  -> (artifact id: '797553a057c1b24ec02b58d38efd12b7') in 0.073493 seconds 
========================================================================
Received Import Request.
  Time since last request: 0.000029 seconds.
  path: Packages/com.microsoft.mixedreality.toolkit.examples/Common/Prefabs/Help_Panel_Viewer.prefab
  artifactKey: Guid(af7def2dd5079e044b0e1cf4a927cfc8) Importer(815301076,1909f56bfc062723c751e8b465ee728b)
Start importing Packages/com.microsoft.mixedreality.toolkit.examples/Common/Prefabs/Help_Panel_Viewer.prefab using Guid(af7def2dd5079e044b0e1cf4a927cfc8) Importer(815301076,1909f56bfc062723c751e8b465ee728b)  -> (artifact id: '53637aae8e85b4da6ab87fa4eb4d9380') in 0.026371 seconds 
========================================================================
Received Import Request.
  Time since last request: 0.000047 seconds.
  path: Packages/com.microsoft.mixedreality.toolkit.examples/Common/Prefabs/PressableRoundButton.prefab
  artifactKey: Guid(aef27e91ffd80b8419fddd2e0229cb75) Importer(815301076,1909f56bfc062723c751e8b465ee728b)
Start importing Packages/com.microsoft.mixedreality.toolkit.examples/Common/Prefabs/PressableRoundButton.prefab using Guid(aef27e91ffd80b8419fddd2e0229cb75) Importer(815301076,1909f56bfc062723c751e8b465ee728b)  -> (artifact id: '45ff23d8a55965b4ddb7f227714576d4') in 0.162726 seconds 
