Using pre-set license
Built from '2021.3/staging' branch; Version is '2021.3.16f1 (4016570cf34f) revision 4200023'; Using compiler version '192829333'; Build Type 'Release'
OS: 'Windows 10  (10.0.19044) 64bit Education' Language: 'en' Physical Memory: 16309 MB
BatchMode: 1, IsHumanControllingUs: 0, StartBugReporterOnCrash: 0, Is64bit: 1, IsPro: 1

COMMAND LINE ARGUMENTS:
D:\Production Software\Coding\Unity Hub\2021.3.16f1\Editor\Unity.exe
-adb2
-batchMode
-noUpm
-name
AssetImportWorker1
-projectPath
D:/Production Software/Coding/Unity Projects/UNL-SUITS-2022-Submission/MORTI
-logFile
Logs/AssetImportWorker1.log
-srvPort
59477
Successfully changed project path to: D:/Production Software/Coding/Unity Projects/UNL-SUITS-2022-Submission/MORTI
D:/Production Software/Coding/Unity Projects/UNL-SUITS-2022-Submission/MORTI
[UnityMemory] Configuration Parameters - Can be set up in boot.config
    "memorysetup-bucket-allocator-granularity=16"
    "memorysetup-bucket-allocator-bucket-count=8"
    "memorysetup-bucket-allocator-block-size=33554432"
    "memorysetup-bucket-allocator-block-count=8"
    "memorysetup-main-allocator-block-size=16777216"
    "memorysetup-thread-allocator-block-size=16777216"
    "memorysetup-gfx-main-allocator-block-size=16777216"
    "memorysetup-gfx-thread-allocator-block-size=16777216"
    "memorysetup-cache-allocator-block-size=4194304"
    "memorysetup-typetree-allocator-block-size=2097152"
    "memorysetup-profiler-bucket-allocator-granularity=16"
    "memorysetup-profiler-bucket-allocator-bucket-count=8"
    "memorysetup-profiler-bucket-allocator-block-size=33554432"
    "memorysetup-profiler-bucket-allocator-block-count=8"
    "memorysetup-profiler-allocator-block-size=16777216"
    "memorysetup-profiler-editor-allocator-block-size=1048576"
    "memorysetup-temp-allocator-size-main=16777216"
    "memorysetup-job-temp-allocator-block-size=2097152"
    "memorysetup-job-temp-allocator-block-size-background=1048576"
    "memorysetup-job-temp-allocator-reduction-small-platforms=262144"
    "memorysetup-temp-allocator-size-background-worker=32768"
    "memorysetup-temp-allocator-size-job-worker=262144"
    "memorysetup-temp-allocator-size-preload-manager=33554432"
    "memorysetup-temp-allocator-size-nav-mesh-worker=65536"
    "memorysetup-temp-allocator-size-audio-worker=65536"
    "memorysetup-temp-allocator-size-cloud-worker=32768"
    "memorysetup-temp-allocator-size-gi-baking-worker=262144"
    "memorysetup-temp-allocator-size-gfx=262144"
Player connection [17720] Host "[IP] 192.168.1.34 [Port] 0 [Flags] 2 [Guid] 2001234689 [EditorId] 2001234689 [Version] 1048832 [Id] WindowsEditor(7,DESKTOP-8S7CUOK) [Debug] 1 [PackageName] WindowsEditor [ProjectName] Editor" joined multi-casting on [225.0.0.222:54997]...

Player connection [17720] Host "[IP] 192.168.1.34 [Port] 0 [Flags] 2 [Guid] 2001234689 [EditorId] 2001234689 [Version] 1048832 [Id] WindowsEditor(7,DESKTOP-8S7CUOK) [Debug] 1 [PackageName] WindowsEditor [ProjectName] Editor" joined alternative multi-casting on [225.0.0.222:34997]...

Refreshing native plugins compatible for Editor in 135.52 ms, found 15 plugins.
Preloading 0 native plugins for Editor in 0.00 ms.
Initialize engine version: 2021.3.16f1 (4016570cf34f)
[Subsystems] Discovering subsystems at path D:/Production Software/Coding/Unity Hub/2021.3.16f1/Editor/Data/Resources/UnitySubsystems
[Subsystems] Discovering subsystems at path D:/Production Software/Coding/Unity Projects/UNL-SUITS-2022-Submission/MORTI/Assets
GfxDevice: creating device client; threaded=0; jobified=0
Direct3D:
    Version:  Direct3D 11.0 [level 11.1]
    Renderer: AMD Radeon RX 5700 XT (ID=0x731f)
    Vendor:   ATI
    VRAM:     8151 MB
    Driver:   31.0.12029.10015
Initialize mono
Mono path[0] = 'D:/Production Software/Coding/Unity Hub/2021.3.16f1/Editor/Data/Managed'
Mono path[1] = 'D:/Production Software/Coding/Unity Hub/2021.3.16f1/Editor/Data/MonoBleedingEdge/lib/mono/unityjit-win32'
Mono config path = 'D:/Production Software/Coding/Unity Hub/2021.3.16f1/Editor/Data/MonoBleedingEdge/etc'
Using monoOptions --debugger-agent=transport=dt_socket,embedding=1,server=y,suspend=n,address=127.0.0.1:56124
Begin MonoManager ReloadAssembly
Registering precompiled unity dll's ...
Register platform support module: D:/Production Software/Coding/Unity Hub/2021.3.16f1/Editor/Data/PlaybackEngines/AndroidPlayer/UnityEditor.Android.Extensions.dll
Register platform support module: D:/Production Software/Coding/Unity Hub/2021.3.16f1/Editor/Data/PlaybackEngines/WindowsStandaloneSupport/UnityEditor.WindowsStandalone.Extensions.dll
Register platform support module: D:/Production Software/Coding/Unity Hub/2021.3.16f1/Editor/Data/PlaybackEngines/MetroSupport/UnityEditor.UWP.Extensions.dll
Registered in 0.004001 seconds.
Native extension for UWP target not found
Native extension for WindowsStandalone target not found
Native extension for Android target not found
Refreshing native plugins compatible for Editor in 135.59 ms, found 15 plugins.
Preloading 0 native plugins for Editor in 0.00 ms.
Mono: successfully reloaded assembly
- Completed reload, in  0.690 seconds
Domain Reload Profiling:
	ReloadAssembly (690ms)
		BeginReloadAssembly (91ms)
			ExecutionOrderSort (0ms)
			DisableScriptedObjects (0ms)
			BackupInstance (0ms)
			ReleaseScriptingObjects (0ms)
			CreateAndSetChildDomain (1ms)
		EndReloadAssembly (501ms)
			LoadAssemblies (91ms)
			RebuildTransferFunctionScriptingTraits (0ms)
			SetupTypeCache (104ms)
			ReleaseScriptCaches (0ms)
			RebuildScriptCaches (25ms)
			SetupLoadedEditorAssemblies (327ms)
				LogAssemblyErrors (0ms)
				InitializePlatformSupportModulesInManaged (57ms)
				SetLoadedEditorAssemblies (0ms)
				RefreshPlugins (136ms)
				BeforeProcessingInitializeOnLoad (1ms)
				ProcessInitializeOnLoadAttributes (92ms)
				ProcessInitializeOnLoadMethodAttributes (40ms)
				AfterProcessingInitializeOnLoad (0ms)
				EditorAssembliesLoaded (0ms)
			ExecutionOrderSort2 (0ms)
			AwakeInstancesAfterBackupRestoration (0ms)
Platform modules already initialized, skipping
Registering precompiled user dll's ...
Registered in 0.012175 seconds.
Begin MonoManager ReloadAssembly
Symbol file LoadedFromMemory doesn't match image D:\Production Software\Coding\Unity Projects\UNL-SUITS-2022-Submission\MORTI\Library\PackageCache\com.unity.visualscripting@1.7.8\Editor\VisualScripting.Core\Dependencies\DotNetZip\Unity.VisualScripting.IonicZip.dll
Symbol file LoadedFromMemory doesn't match image D:\Production Software\Coding\Unity Projects\UNL-SUITS-2022-Submission\MORTI\Library\PackageCache\com.unity.visualscripting@1.7.8\Editor\VisualScripting.Core\Dependencies\YamlDotNet\Unity.VisualScripting.YamlDotNet.dll
Native extension for UWP target not found
Native extension for WindowsStandalone target not found
Native extension for Android target not found
Refreshing native plugins compatible for Editor in 113.26 ms, found 15 plugins.
Preloading 0 native plugins for Editor in 0.00 ms.
Package Manager log level set to [2]
[XR] [MROpenXR][Info   ][21:13:36.357935][tid:4538] MeshProvider_RegisterLifecycleProvider
[XR] [MROpenXR][Info   ][21:13:36.358051][tid:4538] InputProvider_RegisterLifecycleProvider
[XR] Error loading subsystem: Display (1) (header mismatch?)
[XR] [MROpenXR][Info   ][21:13:36.359803][tid:4538] OnPluginStarted UnityVersion=2021.3.16f1 OpenXRPluginVersion=1.6.0 MROpenXRPluginVersion=1.7.0.0 PartA_PrivTags=33554432
Mono: successfully reloaded assembly
- Completed reload, in  1.855 seconds
Domain Reload Profiling:
	ReloadAssembly (1856ms)
		BeginReloadAssembly (244ms)
			ExecutionOrderSort (0ms)
			DisableScriptedObjects (6ms)
			BackupInstance (0ms)
			ReleaseScriptingObjects (0ms)
			CreateAndSetChildDomain (132ms)
		EndReloadAssembly (1507ms)
			LoadAssemblies (156ms)
			RebuildTransferFunctionScriptingTraits (0ms)
			SetupTypeCache (339ms)
			ReleaseScriptCaches (1ms)
			RebuildScriptCaches (79ms)
			SetupLoadedEditorAssemblies (914ms)
				LogAssemblyErrors (0ms)
				InitializePlatformSupportModulesInManaged (11ms)
				SetLoadedEditorAssemblies (0ms)
				RefreshPlugins (113ms)
				BeforeProcessingInitializeOnLoad (136ms)
				ProcessInitializeOnLoadAttributes (595ms)
				ProcessInitializeOnLoadMethodAttributes (56ms)
				AfterProcessingInitializeOnLoad (3ms)
				EditorAssembliesLoaded (0ms)
			ExecutionOrderSort2 (0ms)
			AwakeInstancesAfterBackupRestoration (5ms)
Platform modules already initialized, skipping
========================================================================
Worker process is ready to serve import requests
Launched and connected shader compiler UnityShaderCompiler.exe after 0.05 seconds
Refreshing native plugins compatible for Editor in 1.45 ms, found 15 plugins.
Preloading 0 native plugins for Editor in 0.00 ms.
Unloading 5663 Unused Serialized files (Serialized files now loaded: 0)
Unloading 66 unused Assets / (116.4 KB). Loaded Objects now: 6133.
Memory consumption went from 196.3 MB to 196.2 MB.
Total: 5.124000 ms (FindLiveObjects: 0.880600 ms CreateObjectMapping: 0.488600 ms MarkObjects: 3.609800 ms  DeleteObjects: 0.143100 ms)

AssetImportParameters requested are different than current active one (requested -> active):
  custom:video-decoder-ogg-theora: a1e56fd34408186e4bbccfd4996cb3dc -> 
  custom:container-muxer-webm: aa71ff27fc2769a1b78a27578f13a17b -> 
  custom:container-demuxer-webm: 4f35f7cbe854078d1ac9338744f61a02 -> 
  custom:video-encoder-webm-vp8: eb34c28f22e8b96e1ab97ce403110664 -> 
  custom:audio-encoder-webm-vorbis: bf7c407c2cedff20999df2af8eb42d56 -> 
  custom:framework-win-MediaFoundation: 216162199b28c13a410421893ffa2e32 -> 
  custom:container-demuxer-ogg: 62fdf1f143b41e24485cea50d1cbac27 -> 
  custom:video-decoder-webm-vp8: 9c59270c3fd7afecdb556c50c9e8de78 -> 
  custom:audio-decoder-ogg-vorbis: bf7c407c2cedff20999df2af8eb42d56 -> 
========================================================================
Received Import Request.
  Time since last request: 31303.757995 seconds.
  path: Packages/com.microsoft.mixedreality.toolkit.standardassets/Audio/MRTK_Manipulation_Start.wav
  artifactKey: Guid(a16c53885bdbc54469088880ea44a9fd) Importer(815301076,1909f56bfc062723c751e8b465ee728b)
Start importing Packages/com.microsoft.mixedreality.toolkit.standardassets/Audio/MRTK_Manipulation_Start.wav using Guid(a16c53885bdbc54469088880ea44a9fd) Importer(815301076,1909f56bfc062723c751e8b465ee728b)  -> (artifact id: '0db54cd0ccbe6e1e284e72311ee83c10') in 0.181294 seconds 
========================================================================
Received Import Request.
  Time since last request: 0.000038 seconds.
  path: Packages/com.microsoft.mixedreality.toolkit.standardassets/Audio/MRTK_Manipulation_End.wav
  artifactKey: Guid(bcae4cbce6135d84b9b04ee9e5b909f4) Importer(815301076,1909f56bfc062723c751e8b465ee728b)
Start importing Packages/com.microsoft.mixedreality.toolkit.standardassets/Audio/MRTK_Manipulation_End.wav using Guid(bcae4cbce6135d84b9b04ee9e5b909f4) Importer(815301076,1909f56bfc062723c751e8b465ee728b)  -> (artifact id: 'a9cf0d8b31af32b5c441767be2d4a9bb') in 0.016159 seconds 
========================================================================
Received Import Request.
  Time since last request: 0.000023 seconds.
  path: Packages/com.microsoft.mixedreality.toolkit.standardassets/Icons/shapes_icon.png
  artifactKey: Guid(a3a54cefff9e4d9c82dcd401480a8033) Importer(815301076,1909f56bfc062723c751e8b465ee728b)
Start importing Packages/com.microsoft.mixedreality.toolkit.standardassets/Icons/shapes_icon.png using Guid(a3a54cefff9e4d9c82dcd401480a8033) Importer(815301076,1909f56bfc062723c751e8b465ee728b)  -> (artifact id: 'b393f51d9f629b69b521b2b768b2376d') in 0.071626 seconds 
========================================================================
Received Import Request.
  Time since last request: 0.000033 seconds.
  path: Packages/com.microsoft.mixedreality.toolkit.standardassets/Audio/MRTK_Rotate_Start.wav
  artifactKey: Guid(765efbcf7ca1773488edcc8ab6ba4923) Importer(815301076,1909f56bfc062723c751e8b465ee728b)
Start importing Packages/com.microsoft.mixedreality.toolkit.standardassets/Audio/MRTK_Rotate_Start.wav using Guid(765efbcf7ca1773488edcc8ab6ba4923) Importer(815301076,1909f56bfc062723c751e8b465ee728b)  -> (artifact id: 'c326f69d6fd8eea51ee9d9d6483f2549') in 0.014984 seconds 
========================================================================
Received Import Request.
  Time since last request: 0.000029 seconds.
  path: Packages/com.microsoft.mixedreality.toolkit.standardassets/Icons/settings_icon.png
  artifactKey: Guid(4f9f54f9478441228dea18a2c828cfc6) Importer(815301076,1909f56bfc062723c751e8b465ee728b)
Start importing Packages/com.microsoft.mixedreality.toolkit.standardassets/Icons/settings_icon.png using Guid(4f9f54f9478441228dea18a2c828cfc6) Importer(815301076,1909f56bfc062723c751e8b465ee728b)  -> (artifact id: 'a9b45c386f7878df5675fad29347a7ed') in 0.016731 seconds 
========================================================================
Received Import Request.
  Time since last request: 0.000018 seconds.
  path: Packages/com.microsoft.mixedreality.toolkit.standardassets/Audio/MRTK_Slate_Touch.wav
  artifactKey: Guid(ac992f1ec8cfba145b10655b334ec711) Importer(815301076,1909f56bfc062723c751e8b465ee728b)
Start importing Packages/com.microsoft.mixedreality.toolkit.standardassets/Audio/MRTK_Slate_Touch.wav using Guid(ac992f1ec8cfba145b10655b334ec711) Importer(815301076,1909f56bfc062723c751e8b465ee728b)  -> (artifact id: 'fe5443eec7694b519b2e2d78a414cf12') in 0.014840 seconds 
========================================================================
Received Import Request.
  Time since last request: 0.000027 seconds.
  path: Packages/com.microsoft.mixedreality.toolkit.standardassets/Audio/MRTK_Shell_Click_In.wav
  artifactKey: Guid(3448d870fb0a1b24ab44f20f2e1f982d) Importer(815301076,1909f56bfc062723c751e8b465ee728b)
Start importing Packages/com.microsoft.mixedreality.toolkit.standardassets/Audio/MRTK_Shell_Click_In.wav using Guid(3448d870fb0a1b24ab44f20f2e1f982d) Importer(815301076,1909f56bfc062723c751e8b465ee728b)  -> (artifact id: '3949a7151f278a03921370e12207457c') in 0.017357 seconds 
========================================================================
Received Import Request.
  Time since last request: 0.000028 seconds.
  path: Packages/com.microsoft.mixedreality.toolkit.standardassets/Icons/mic_icon.png
  artifactKey: Guid(466b28a7abdd4f2fb56a1b9f929d7aaa) Importer(815301076,1909f56bfc062723c751e8b465ee728b)
Start importing Packages/com.microsoft.mixedreality.toolkit.standardassets/Icons/mic_icon.png using Guid(466b28a7abdd4f2fb56a1b9f929d7aaa) Importer(815301076,1909f56bfc062723c751e8b465ee728b)  -> (artifact id: 'ff0accd3355d4dffce9da9b8e0be9b29') in 0.014521 seconds 
========================================================================
Received Import Request.
  Time since last request: 0.000029 seconds.
  path: Packages/com.microsoft.mixedreality.toolkit.standardassets/Icons/mixed_reality_icon.png
  artifactKey: Guid(6eccdbd0228d47ab9ac6ca58258f9112) Importer(815301076,1909f56bfc062723c751e8b465ee728b)
Start importing Packages/com.microsoft.mixedreality.toolkit.standardassets/Icons/mixed_reality_icon.png using Guid(6eccdbd0228d47ab9ac6ca58258f9112) Importer(815301076,1909f56bfc062723c751e8b465ee728b)  -> (artifact id: '02ebaf56a38abab75a3e5558f665698a') in 0.013768 seconds 
========================================================================
Received Import Request.
  Time since last request: 0.000028 seconds.
  path: Packages/com.microsoft.mixedreality.toolkit.standardassets/Audio/MRTK_Shell_Click_Init.wav
  artifactKey: Guid(5e03cdafc88015c47af4cad5d65de327) Importer(815301076,1909f56bfc062723c751e8b465ee728b)
Start importing Packages/com.microsoft.mixedreality.toolkit.standardassets/Audio/MRTK_Shell_Click_Init.wav using Guid(5e03cdafc88015c47af4cad5d65de327) Importer(815301076,1909f56bfc062723c751e8b465ee728b)  -> (artifact id: 'b928d93d917bdc4531462e82f624f1af') in 0.014930 seconds 
========================================================================
Received Import Request.
  Time since last request: 0.000033 seconds.
  path: Packages/com.microsoft.mixedreality.toolkit.standardassets/Icons/script_icon.png
  artifactKey: Guid(961230b29c294bb780054c5d02eb6180) Importer(815301076,1909f56bfc062723c751e8b465ee728b)
Start importing Packages/com.microsoft.mixedreality.toolkit.standardassets/Icons/script_icon.png using Guid(961230b29c294bb780054c5d02eb6180) Importer(815301076,1909f56bfc062723c751e8b465ee728b)  -> (artifact id: 'a5291b7f476babb729a1be796805c21c') in 0.015240 seconds 
========================================================================
Received Import Request.
  Time since last request: 0.000037 seconds.
  path: Packages/com.microsoft.mixedreality.toolkit.standardassets/Audio/MRTK_Slider_Release.wav
  artifactKey: Guid(32c013149113ba24cb267e1e3f6725c7) Importer(815301076,1909f56bfc062723c751e8b465ee728b)
Start importing Packages/com.microsoft.mixedreality.toolkit.standardassets/Audio/MRTK_Slider_Release.wav using Guid(32c013149113ba24cb267e1e3f6725c7) Importer(815301076,1909f56bfc062723c751e8b465ee728b)  -> (artifact id: '9d469e5c29283c7875ef65f46e93fbf4') in 0.014387 seconds 
========================================================================
Received Import Request.
  Time since last request: 0.000039 seconds.
  path: Packages/com.microsoft.mixedreality.toolkit.standardassets/Icons/spatial_understanding_icon.png
  artifactKey: Guid(b44193be762b4e3aa8703213d677338d) Importer(815301076,1909f56bfc062723c751e8b465ee728b)
Start importing Packages/com.microsoft.mixedreality.toolkit.standardassets/Icons/spatial_understanding_icon.png using Guid(b44193be762b4e3aa8703213d677338d) Importer(815301076,1909f56bfc062723c751e8b465ee728b)  -> (artifact id: 'c9163084696c004e57a6309a05fbf949') in 0.014712 seconds 
========================================================================
Received Import Request.
  Time since last request: 0.000047 seconds.
  path: Packages/com.microsoft.mixedreality.toolkit.standardassets/Icons/test_icon.png
  artifactKey: Guid(731058d908be67544b92b0341f29d906) Importer(815301076,1909f56bfc062723c751e8b465ee728b)
Start importing Packages/com.microsoft.mixedreality.toolkit.standardassets/Icons/test_icon.png using Guid(731058d908be67544b92b0341f29d906) Importer(815301076,1909f56bfc062723c751e8b465ee728b)  -> (artifact id: 'e789d84801c93c1a9f01b6419aa86ebb') in 0.014195 seconds 
Editor requested this worker to shutdown with reason: Scaling down because of idle timeout
AssetImportWorker is now disconnected from the server
Process exiting
Exiting without the bug reporter. Application will terminate with return code 0