Using pre-set license
Built from '2021.3/staging' branch; Version is '2021.3.16f1 (4016570cf34f) revision 4200023'; Using compiler version '192829333'; Build Type 'Release'
OS: 'Windows 10  (10.0.19044) 64bit Education' Language: 'en' Physical Memory: 16309 MB
BatchMode: 1, IsHumanControllingUs: 0, StartBugReporterOnCrash: 0, Is64bit: 1, IsPro: 1

COMMAND LINE ARGUMENTS:
D:\Production Software\Coding\Unity Hub\2021.3.16f1\Editor\Unity.exe
-adb2
-batchMode
-noUpm
-name
AssetImportWorker2
-projectPath
D:/Production Software/Coding/Unity Projects/UNL-SUITS-2022-Submission/MORTI
-logFile
Logs/AssetImportWorker2.log
-srvPort
59477
Successfully changed project path to: D:/Production Software/Coding/Unity Projects/UNL-SUITS-2022-Submission/MORTI
D:/Production Software/Coding/Unity Projects/UNL-SUITS-2022-Submission/MORTI
[UnityMemory] Configuration Parameters - Can be set up in boot.config
    "memorysetup-bucket-allocator-granularity=16"
    "memorysetup-bucket-allocator-bucket-count=8"
    "memorysetup-bucket-allocator-block-size=33554432"
    "memorysetup-bucket-allocator-block-count=8"
    "memorysetup-main-allocator-block-size=16777216"
    "memorysetup-thread-allocator-block-size=16777216"
    "memorysetup-gfx-main-allocator-block-size=16777216"
    "memorysetup-gfx-thread-allocator-block-size=16777216"
    "memorysetup-cache-allocator-block-size=4194304"
    "memorysetup-typetree-allocator-block-size=2097152"
    "memorysetup-profiler-bucket-allocator-granularity=16"
    "memorysetup-profiler-bucket-allocator-bucket-count=8"
    "memorysetup-profiler-bucket-allocator-block-size=33554432"
    "memorysetup-profiler-bucket-allocator-block-count=8"
    "memorysetup-profiler-allocator-block-size=16777216"
    "memorysetup-profiler-editor-allocator-block-size=1048576"
    "memorysetup-temp-allocator-size-main=16777216"
    "memorysetup-job-temp-allocator-block-size=2097152"
    "memorysetup-job-temp-allocator-block-size-background=1048576"
    "memorysetup-job-temp-allocator-reduction-small-platforms=262144"
    "memorysetup-temp-allocator-size-background-worker=32768"
    "memorysetup-temp-allocator-size-job-worker=262144"
    "memorysetup-temp-allocator-size-preload-manager=33554432"
    "memorysetup-temp-allocator-size-nav-mesh-worker=65536"
    "memorysetup-temp-allocator-size-audio-worker=65536"
    "memorysetup-temp-allocator-size-cloud-worker=32768"
    "memorysetup-temp-allocator-size-gi-baking-worker=262144"
    "memorysetup-temp-allocator-size-gfx=262144"
Player connection [23700] Host "[IP] 192.168.1.34 [Port] 0 [Flags] 2 [Guid] 1570160911 [EditorId] 1570160911 [Version] 1048832 [Id] WindowsEditor(7,DESKTOP-8S7CUOK) [Debug] 1 [PackageName] WindowsEditor [ProjectName] Editor" joined multi-casting on [225.0.0.222:54997]...

Player connection [23700] Host "[IP] 192.168.1.34 [Port] 0 [Flags] 2 [Guid] 1570160911 [EditorId] 1570160911 [Version] 1048832 [Id] WindowsEditor(7,DESKTOP-8S7CUOK) [Debug] 1 [PackageName] WindowsEditor [ProjectName] Editor" joined alternative multi-casting on [225.0.0.222:34997]...

Refreshing native plugins compatible for Editor in 129.54 ms, found 15 plugins.
Preloading 0 native plugins for Editor in 0.00 ms.
Initialize engine version: 2021.3.16f1 (4016570cf34f)
[Subsystems] Discovering subsystems at path D:/Production Software/Coding/Unity Hub/2021.3.16f1/Editor/Data/Resources/UnitySubsystems
[Subsystems] Discovering subsystems at path D:/Production Software/Coding/Unity Projects/UNL-SUITS-2022-Submission/MORTI/Assets
GfxDevice: creating device client; threaded=0; jobified=0
Direct3D:
    Version:  Direct3D 11.0 [level 11.1]
    Renderer: AMD Radeon RX 5700 XT (ID=0x731f)
    Vendor:   ATI
    VRAM:     8151 MB
    Driver:   31.0.12029.10015
Initialize mono
Mono path[0] = 'D:/Production Software/Coding/Unity Hub/2021.3.16f1/Editor/Data/Managed'
Mono path[1] = 'D:/Production Software/Coding/Unity Hub/2021.3.16f1/Editor/Data/MonoBleedingEdge/lib/mono/unityjit-win32'
Mono config path = 'D:/Production Software/Coding/Unity Hub/2021.3.16f1/Editor/Data/MonoBleedingEdge/etc'
Using monoOptions --debugger-agent=transport=dt_socket,embedding=1,server=y,suspend=n,address=127.0.0.1:56724
Begin MonoManager ReloadAssembly
Registering precompiled unity dll's ...
Register platform support module: D:/Production Software/Coding/Unity Hub/2021.3.16f1/Editor/Data/PlaybackEngines/AndroidPlayer/UnityEditor.Android.Extensions.dll
Register platform support module: D:/Production Software/Coding/Unity Hub/2021.3.16f1/Editor/Data/PlaybackEngines/WindowsStandaloneSupport/UnityEditor.WindowsStandalone.Extensions.dll
Register platform support module: D:/Production Software/Coding/Unity Hub/2021.3.16f1/Editor/Data/PlaybackEngines/MetroSupport/UnityEditor.UWP.Extensions.dll
Registered in 0.004593 seconds.
Native extension for UWP target not found
Native extension for WindowsStandalone target not found
Native extension for Android target not found
Refreshing native plugins compatible for Editor in 135.58 ms, found 15 plugins.
Preloading 0 native plugins for Editor in 0.00 ms.
Mono: successfully reloaded assembly
- Completed reload, in  0.684 seconds
Domain Reload Profiling:
	ReloadAssembly (685ms)
		BeginReloadAssembly (91ms)
			ExecutionOrderSort (0ms)
			DisableScriptedObjects (0ms)
			BackupInstance (0ms)
			ReleaseScriptingObjects (0ms)
			CreateAndSetChildDomain (1ms)
		EndReloadAssembly (494ms)
			LoadAssemblies (91ms)
			RebuildTransferFunctionScriptingTraits (0ms)
			SetupTypeCache (103ms)
			ReleaseScriptCaches (0ms)
			RebuildScriptCaches (24ms)
			SetupLoadedEditorAssemblies (322ms)
				LogAssemblyErrors (0ms)
				InitializePlatformSupportModulesInManaged (56ms)
				SetLoadedEditorAssemblies (0ms)
				RefreshPlugins (136ms)
				BeforeProcessingInitializeOnLoad (1ms)
				ProcessInitializeOnLoadAttributes (90ms)
				ProcessInitializeOnLoadMethodAttributes (39ms)
				AfterProcessingInitializeOnLoad (0ms)
				EditorAssembliesLoaded (0ms)
			ExecutionOrderSort2 (0ms)
			AwakeInstancesAfterBackupRestoration (0ms)
Platform modules already initialized, skipping
Registering precompiled user dll's ...
Registered in 0.011834 seconds.
Begin MonoManager ReloadAssembly
Symbol file LoadedFromMemory doesn't match image D:\Production Software\Coding\Unity Projects\UNL-SUITS-2022-Submission\MORTI\Library\PackageCache\com.unity.visualscripting@1.7.8\Editor\VisualScripting.Core\Dependencies\DotNetZip\Unity.VisualScripting.IonicZip.dll
Symbol file LoadedFromMemory doesn't match image D:\Production Software\Coding\Unity Projects\UNL-SUITS-2022-Submission\MORTI\Library\PackageCache\com.unity.visualscripting@1.7.8\Editor\VisualScripting.Core\Dependencies\YamlDotNet\Unity.VisualScripting.YamlDotNet.dll
Native extension for UWP target not found
Native extension for WindowsStandalone target not found
Native extension for Android target not found
Refreshing native plugins compatible for Editor in 114.18 ms, found 15 plugins.
Preloading 0 native plugins for Editor in 0.00 ms.
Package Manager log level set to [2]
[XR] [MROpenXR][Info   ][21:13:36.359135][tid:5c94] MeshProvider_RegisterLifecycleProvider
[XR] [MROpenXR][Info   ][21:13:36.359227][tid:5c94] InputProvider_RegisterLifecycleProvider
[XR] Error loading subsystem: Display (1) (header mismatch?)
[XR] [MROpenXR][Info   ][21:13:36.360624][tid:5c94] OnPluginStarted UnityVersion=2021.3.16f1 OpenXRPluginVersion=1.6.0 MROpenXRPluginVersion=1.7.0.0 PartA_PrivTags=33554432
Mono: successfully reloaded assembly
- Completed reload, in  1.857 seconds
Domain Reload Profiling:
	ReloadAssembly (1858ms)
		BeginReloadAssembly (246ms)
			ExecutionOrderSort (0ms)
			DisableScriptedObjects (6ms)
			BackupInstance (0ms)
			ReleaseScriptingObjects (0ms)
			CreateAndSetChildDomain (135ms)
		EndReloadAssembly (1509ms)
			LoadAssemblies (157ms)
			RebuildTransferFunctionScriptingTraits (0ms)
			SetupTypeCache (333ms)
			ReleaseScriptCaches (1ms)
			RebuildScriptCaches (80ms)
			SetupLoadedEditorAssemblies (918ms)
				LogAssemblyErrors (0ms)
				InitializePlatformSupportModulesInManaged (12ms)
				SetLoadedEditorAssemblies (0ms)
				RefreshPlugins (114ms)
				BeforeProcessingInitializeOnLoad (136ms)
				ProcessInitializeOnLoadAttributes (596ms)
				ProcessInitializeOnLoadMethodAttributes (57ms)
				AfterProcessingInitializeOnLoad (3ms)
				EditorAssembliesLoaded (0ms)
			ExecutionOrderSort2 (0ms)
			AwakeInstancesAfterBackupRestoration (5ms)
Platform modules already initialized, skipping
========================================================================
Worker process is ready to serve import requests
Launched and connected shader compiler UnityShaderCompiler.exe after 0.05 seconds
Refreshing native plugins compatible for Editor in 1.93 ms, found 15 plugins.
Preloading 0 native plugins for Editor in 0.00 ms.
Unloading 5663 Unused Serialized files (Serialized files now loaded: 0)
Unloading 66 unused Assets / (116.4 KB). Loaded Objects now: 6133.
Memory consumption went from 196.3 MB to 196.2 MB.
Total: 4.779900 ms (FindLiveObjects: 0.871600 ms CreateObjectMapping: 0.491100 ms MarkObjects: 3.261800 ms  DeleteObjects: 0.154500 ms)

AssetImportParameters requested are different than current active one (requested -> active):
  custom:video-decoder-ogg-theora: a1e56fd34408186e4bbccfd4996cb3dc -> 
  custom:container-muxer-webm: aa71ff27fc2769a1b78a27578f13a17b -> 
  custom:container-demuxer-webm: 4f35f7cbe854078d1ac9338744f61a02 -> 
  custom:video-encoder-webm-vp8: eb34c28f22e8b96e1ab97ce403110664 -> 
  custom:audio-encoder-webm-vorbis: bf7c407c2cedff20999df2af8eb42d56 -> 
  custom:framework-win-MediaFoundation: 216162199b28c13a410421893ffa2e32 -> 
  custom:container-demuxer-ogg: 62fdf1f143b41e24485cea50d1cbac27 -> 
  custom:video-decoder-webm-vp8: 9c59270c3fd7afecdb556c50c9e8de78 -> 
  custom:audio-decoder-ogg-vorbis: bf7c407c2cedff20999df2af8eb42d56 -> 
========================================================================
Received Import Request.
  Time since last request: 31303.757999 seconds.
  path: Packages/com.microsoft.mixedreality.toolkit.standardassets/Audio/MRTK_Slate_Release.wav
  artifactKey: Guid(45a90682f74bb0c41b65994c63b74e60) Importer(815301076,1909f56bfc062723c751e8b465ee728b)
Start importing Packages/com.microsoft.mixedreality.toolkit.standardassets/Audio/MRTK_Slate_Release.wav using Guid(45a90682f74bb0c41b65994c63b74e60) Importer(815301076,1909f56bfc062723c751e8b465ee728b)  -> (artifact id: '29ad4b701268c2e569230b519691ab38') in 0.181841 seconds 
========================================================================
Received Import Request.
  Time since last request: 0.000023 seconds.
  path: Packages/com.microsoft.mixedreality.toolkit.standardassets/Audio/MRTK_ButtonUnpress.wav
  artifactKey: Guid(40ae713ddf420714bbc1a3b5c3f2eac1) Importer(815301076,1909f56bfc062723c751e8b465ee728b)
Start importing Packages/com.microsoft.mixedreality.toolkit.standardassets/Audio/MRTK_ButtonUnpress.wav using Guid(40ae713ddf420714bbc1a3b5c3f2eac1) Importer(815301076,1909f56bfc062723c751e8b465ee728b)  -> (artifact id: '9beab0ddd0432a9ddb7ca85fe1d0b303') in 0.015335 seconds 
========================================================================
Received Import Request.
  Time since last request: 0.000024 seconds.
  path: Packages/com.microsoft.mixedreality.toolkit.standardassets/Icons/toolkit_icon.png
  artifactKey: Guid(93d49a6ae68a4f6ca0fea653caaa74fc) Importer(815301076,1909f56bfc062723c751e8b465ee728b)
Start importing Packages/com.microsoft.mixedreality.toolkit.standardassets/Icons/toolkit_icon.png using Guid(93d49a6ae68a4f6ca0fea653caaa74fc) Importer(815301076,1909f56bfc062723c751e8b465ee728b)  -> (artifact id: '2375872feaecd91d6db80c46938e68d9') in 0.073745 seconds 
========================================================================
Received Import Request.
  Time since last request: 0.000042 seconds.
  path: Packages/com.microsoft.mixedreality.toolkit.standardassets/Audio/MRTK_Shell_Click_Out.wav
  artifactKey: Guid(e35ddb0c8710c2949a37a6975f6847db) Importer(815301076,1909f56bfc062723c751e8b465ee728b)
Start importing Packages/com.microsoft.mixedreality.toolkit.standardassets/Audio/MRTK_Shell_Click_Out.wav using Guid(e35ddb0c8710c2949a37a6975f6847db) Importer(815301076,1909f56bfc062723c751e8b465ee728b)  -> (artifact id: '1f13da1544d31b316b221891e6dc5e58') in 0.017490 seconds 
========================================================================
Received Import Request.
  Time since last request: 0.000026 seconds.
  path: Packages/com.microsoft.mixedreality.toolkit.standardassets/Audio/MRTK_Scale_Stop.wav
  artifactKey: Guid(23a78d131feb8774ebe5dd1ea221933e) Importer(815301076,1909f56bfc062723c751e8b465ee728b)
Start importing Packages/com.microsoft.mixedreality.toolkit.standardassets/Audio/MRTK_Scale_Stop.wav using Guid(23a78d131feb8774ebe5dd1ea221933e) Importer(815301076,1909f56bfc062723c751e8b465ee728b)  -> (artifact id: 'df506d64a3f588d8d484a63d9abfaeb7') in 0.014153 seconds 
========================================================================
Received Import Request.
  Time since last request: 0.000024 seconds.
  path: Packages/com.microsoft.mixedreality.toolkit.standardassets/Icons/ux_icon.png
  artifactKey: Guid(3b748943b2ee497cb401b923729b41c5) Importer(815301076,1909f56bfc062723c751e8b465ee728b)
Start importing Packages/com.microsoft.mixedreality.toolkit.standardassets/Icons/ux_icon.png using Guid(3b748943b2ee497cb401b923729b41c5) Importer(815301076,1909f56bfc062723c751e8b465ee728b)  -> (artifact id: '85f0bd413fef61c3775d36c7cfd8dc50') in 0.014344 seconds 
========================================================================
Received Import Request.
  Time since last request: 0.000025 seconds.
  path: Packages/com.microsoft.mixedreality.toolkit.standardassets/Audio/MRTK_Gem.wav
  artifactKey: Guid(2193e9060a088b24f97f48d1e1a4a862) Importer(815301076,1909f56bfc062723c751e8b465ee728b)
Start importing Packages/com.microsoft.mixedreality.toolkit.standardassets/Audio/MRTK_Gem.wav using Guid(2193e9060a088b24f97f48d1e1a4a862) Importer(815301076,1909f56bfc062723c751e8b465ee728b)  -> (artifact id: '41c8dc142bea0cf807579472e1cb67ab') in 0.015869 seconds 
========================================================================
Received Import Request.
  Time since last request: 0.000022 seconds.
  path: Packages/com.microsoft.mixedreality.toolkit.standardassets/Audio/MRTK_Rotate_Stop.wav
  artifactKey: Guid(9d90886bb6646244e852a0acb1de3a3b) Importer(815301076,1909f56bfc062723c751e8b465ee728b)
Start importing Packages/com.microsoft.mixedreality.toolkit.standardassets/Audio/MRTK_Rotate_Stop.wav using Guid(9d90886bb6646244e852a0acb1de3a3b) Importer(815301076,1909f56bfc062723c751e8b465ee728b)  -> (artifact id: '8a9b3caa80a43b91c697fa6fb6dd5554') in 0.014044 seconds 
========================================================================
Received Import Request.
  Time since last request: 0.000031 seconds.
  path: Packages/com.microsoft.mixedreality.toolkit.standardassets/Audio/MRTK_ButtonPress.wav
  artifactKey: Guid(291bf9326e517b0489c2ee53d0a6a63f) Importer(815301076,1909f56bfc062723c751e8b465ee728b)
Start importing Packages/com.microsoft.mixedreality.toolkit.standardassets/Audio/MRTK_ButtonPress.wav using Guid(291bf9326e517b0489c2ee53d0a6a63f) Importer(815301076,1909f56bfc062723c751e8b465ee728b)  -> (artifact id: '4c2707245ab436c8aaa69c13c92974f3') in 0.015566 seconds 
========================================================================
Received Import Request.
  Time since last request: 0.000026 seconds.
  path: Packages/com.microsoft.mixedreality.toolkit.standardassets/Fonts/selawkb.ttf
  artifactKey: Guid(a99e8b1ed1154eb58270cc6a18605657) Importer(815301076,1909f56bfc062723c751e8b465ee728b)
Start importing Packages/com.microsoft.mixedreality.toolkit.standardassets/Fonts/selawkb.ttf using Guid(a99e8b1ed1154eb58270cc6a18605657) Importer(815301076,1909f56bfc062723c751e8b465ee728b)  -> (artifact id: '38d2204fd25f158e38a538ab0b23ee48') in 0.043248 seconds 
========================================================================
Received Import Request.
  Time since last request: 0.000024 seconds.
  path: Packages/com.microsoft.mixedreality.toolkit.standardassets/Fonts/selawksl.ttf
  artifactKey: Guid(0fd94703e1ea496bb9999216ac3ece0d) Importer(815301076,1909f56bfc062723c751e8b465ee728b)
Start importing Packages/com.microsoft.mixedreality.toolkit.standardassets/Fonts/selawksl.ttf using Guid(0fd94703e1ea496bb9999216ac3ece0d) Importer(815301076,1909f56bfc062723c751e8b465ee728b)  -> (artifact id: '40f01f89ffead8ca55221a0a2f57facd') in 0.019365 seconds 
========================================================================
Received Import Request.
  Time since last request: 0.000036 seconds.
  path: Packages/com.microsoft.mixedreality.toolkit.standardassets/Fonts/selawk.ttf
  artifactKey: Guid(e48b920555144c6da3ee2ab03f0fda88) Importer(815301076,1909f56bfc062723c751e8b465ee728b)
Start importing Packages/com.microsoft.mixedreality.toolkit.standardassets/Fonts/selawk.ttf using Guid(e48b920555144c6da3ee2ab03f0fda88) Importer(815301076,1909f56bfc062723c751e8b465ee728b)  -> (artifact id: '113372b940319b45dd82e2f5760fb5a3') in 0.018750 seconds 
========================================================================
Received Import Request.
  Time since last request: 0.000038 seconds.
  path: Packages/com.microsoft.mixedreality.toolkit.standardassets/Audio/MRTK_Move_Start.wav
  artifactKey: Guid(72d90092d0f1a734eb1cfcf71b8fa2e4) Importer(815301076,1909f56bfc062723c751e8b465ee728b)
Start importing Packages/com.microsoft.mixedreality.toolkit.standardassets/Audio/MRTK_Move_Start.wav using Guid(72d90092d0f1a734eb1cfcf71b8fa2e4) Importer(815301076,1909f56bfc062723c751e8b465ee728b)  -> (artifact id: '51f563ff3e478ece04b69ac49a148541') in 0.014662 seconds 
========================================================================
Received Import Request.
  Time since last request: 102.951775 seconds.
  path: Packages/com.microsoft.mixedreality.toolkit.standardassets/package.json
  artifactKey: Guid(3c876f4ed6a6d014387c52b7a0f1752a) Importer(815301076,1909f56bfc062723c751e8b465ee728b)
Start importing Packages/com.microsoft.mixedreality.toolkit.standardassets/package.json using Guid(3c876f4ed6a6d014387c52b7a0f1752a) Importer(815301076,1909f56bfc062723c751e8b465ee728b)  -> (artifact id: '9a6c326ba67345efdb372a3e45ec2b78') in 0.020168 seconds 
========================================================================
Received Import Request.
  Time since last request: 7.755043 seconds.
  path: Assets/MRTK/Shaders
  artifactKey: Guid(933ca0257da7fc74d9b9327bef1eee50) Importer(815301076,1909f56bfc062723c751e8b465ee728b)
Start importing Assets/MRTK/Shaders using Guid(933ca0257da7fc74d9b9327bef1eee50) Importer(815301076,1909f56bfc062723c751e8b465ee728b)  -> (artifact id: 'd6e9d050ceb1927a6dd916626441de54') in 0.005424 seconds 
========================================================================
Received Import Request.
  Time since last request: 0.021136 seconds.
  path: Assets/MRTK/Shaders/MixedRealityShaderUtils.cginc
  artifactKey: Guid(dfab24eea71ce3745be340d7a24fe8eb) Importer(815301076,1909f56bfc062723c751e8b465ee728b)
Start importing Assets/MRTK/Shaders/MixedRealityShaderUtils.cginc using Guid(dfab24eea71ce3745be340d7a24fe8eb) Importer(815301076,1909f56bfc062723c751e8b465ee728b)  -> (artifact id: 'ab5c2a9e25462dacb5f735fa4db3aef2') in 0.011525 seconds 
========================================================================
Received Import Request.
  Time since last request: 6.417630 seconds.
  path: Packages/com.microsoft.mixedreality.toolkit.examples/MRTK.Examples.asmdef
  artifactKey: Guid(46ec937f2368478f92e0e97b791e88ac) Importer(815301076,1909f56bfc062723c751e8b465ee728b)
Start importing Packages/com.microsoft.mixedreality.toolkit.examples/MRTK.Examples.asmdef using Guid(46ec937f2368478f92e0e97b791e88ac) Importer(815301076,1909f56bfc062723c751e8b465ee728b)  -> (artifact id: 'b77feb8260095cffdb798b986a1e25e6') in 0.019723 seconds 
========================================================================
Received Import Request.
  Time since last request: 0.584387 seconds.
  path: Packages/com.microsoft.mixedreality.openxr/package.json
  artifactKey: Guid(1adea270d8ae3ec428b7a7cc41633514) Importer(815301076,1909f56bfc062723c751e8b465ee728b)
Start importing Packages/com.microsoft.mixedreality.openxr/package.json using Guid(1adea270d8ae3ec428b7a7cc41633514) Importer(815301076,1909f56bfc062723c751e8b465ee728b)  -> (artifact id: '2b68c7aced9eb588dd08b5ff2863ff11') in 0.006504 seconds 
========================================================================
Received Import Request.
  Time since last request: 1.580544 seconds.
  path: Packages/com.microsoft.mixedreality.toolkit.examples/Common
  artifactKey: Guid(99de592199e4eff4d8cbd6b035e94107) Importer(815301076,1909f56bfc062723c751e8b465ee728b)
Start importing Packages/com.microsoft.mixedreality.toolkit.examples/Common using Guid(99de592199e4eff4d8cbd6b035e94107) Importer(815301076,1909f56bfc062723c751e8b465ee728b)  -> (artifact id: '09e52b08f4a28ef6f9e1582900f158fc') in 0.005341 seconds 
========================================================================
Received Import Request.
  Time since last request: 1.644327 seconds.
  path: Packages/com.microsoft.mixedreality.toolkit.examples/Common/Prefabs
  artifactKey: Guid(3ecfff3c6df40a1469875f88d091a8ca) Importer(815301076,1909f56bfc062723c751e8b465ee728b)
Start importing Packages/com.microsoft.mixedreality.toolkit.examples/Common/Prefabs using Guid(3ecfff3c6df40a1469875f88d091a8ca) Importer(815301076,1909f56bfc062723c751e8b465ee728b)  -> (artifact id: 'a7b6f12efd5c32e4a9ddff39d077036c') in 0.019358 seconds 
========================================================================
Received Import Request.
  Time since last request: 0.046788 seconds.
  path: Packages/com.microsoft.mixedreality.toolkit.examples/Common/Prefabs/CoffeeCup.prefab
  artifactKey: Guid(d12fcfca48d5bea4885b7957a82235f8) Importer(815301076,1909f56bfc062723c751e8b465ee728b)
Start importing Packages/com.microsoft.mixedreality.toolkit.examples/Common/Prefabs/CoffeeCup.prefab using Guid(d12fcfca48d5bea4885b7957a82235f8) Importer(815301076,1909f56bfc062723c751e8b465ee728b)  -> (artifact id: '48bf80288a98724b87e9b90796869adb') in 0.136095 seconds 
========================================================================
Received Import Request.
  Time since last request: 0.000039 seconds.
  path: Packages/com.microsoft.mixedreality.toolkit.examples/Common/Prefabs/HandMenu_Large_WorldLock_On_GrabAndPull.prefab
  artifactKey: Guid(f514427e4d7588143a828462e0fc1321) Importer(815301076,1909f56bfc062723c751e8b465ee728b)
Start importing Packages/com.microsoft.mixedreality.toolkit.examples/Common/Prefabs/HandMenu_Large_WorldLock_On_GrabAndPull.prefab using Guid(f514427e4d7588143a828462e0fc1321) Importer(815301076,1909f56bfc062723c751e8b465ee728b)  -> (artifact id: '3ae962eb1c5bd87f912eabc17e5a4dec') in 0.976145 seconds 
========================================================================
Received Import Request.
  Time since last request: 0.000033 seconds.
  path: Packages/com.microsoft.mixedreality.toolkit.examples/Common/Prefabs/PianoKey.prefab
  artifactKey: Guid(f47f1e79863e27c46904308902d30551) Importer(815301076,1909f56bfc062723c751e8b465ee728b)
Start importing Packages/com.microsoft.mixedreality.toolkit.examples/Common/Prefabs/PianoKey.prefab using Guid(f47f1e79863e27c46904308902d30551) Importer(815301076,1909f56bfc062723c751e8b465ee728b)  -> (artifact id: '57aa7f8fc0990e99fd5c56baf7fb106e') in 0.093673 seconds 
========================================================================
Received Import Request.
  Time since last request: 0.000032 seconds.
  path: Packages/com.microsoft.mixedreality.toolkit.examples/Common/Prefabs/PianoBlackKey.prefab
  artifactKey: Guid(6c9893c878a0faf439830c1d014e9e4e) Importer(815301076,1909f56bfc062723c751e8b465ee728b)
Start importing Packages/com.microsoft.mixedreality.toolkit.examples/Common/Prefabs/PianoBlackKey.prefab using Guid(6c9893c878a0faf439830c1d014e9e4e) Importer(815301076,1909f56bfc062723c751e8b465ee728b)  -> (artifact id: 'c4d7e222e71f0f5e5d086c9a9ded758b') in 0.073068 seconds 
========================================================================
Received Import Request.
  Time since last request: 0.000043 seconds.
  path: Packages/com.microsoft.mixedreality.toolkit.examples/Common/Prefabs/HandMenu_Small_HideOnHandDrop.prefab
  artifactKey: Guid(184450d7fd18e3742b0612f6901efe5e) Importer(815301076,1909f56bfc062723c751e8b465ee728b)
Start importing Packages/com.microsoft.mixedreality.toolkit.examples/Common/Prefabs/HandMenu_Small_HideOnHandDrop.prefab using Guid(184450d7fd18e3742b0612f6901efe5e) Importer(815301076,1909f56bfc062723c751e8b465ee728b)  -> (artifact id: '4465f3ab33d194dfa6e483b30f652dee') in 0.068823 seconds 
